<?xml version="1.0" encoding="UTF-8"?>
<!-- Generated by org.testng.reporters.JUnitReportReporter -->
<testsuite hostname="AJIT-LAP" failures="0" tests="1" name="DemoSelenium.BrowserLaunch" time="0.009" errors="0" timestamp="2022-03-29T00:05:03 IST" skipped="0">
  <testcase classname="DemoSelenium.BrowserLaunch" name="setUp" time="0.009"/>
  <system-out/>
</testsuite> <!-- DemoSelenium.BrowserLaunch -->
