<?xml version="1.0" encoding="UTF-8"?>
<!-- Generated by org.testng.reporters.JUnitReportReporter -->
<testsuite hostname="AJIT-LAP" failures="0" tests="1" name="testng_exception.Demo_003" time="0.010" errors="0" timestamp="2022-09-15T18:39:05 IST" skipped="0">
  <testcase classname="testng_exception.Demo_003" name="pro_01" time="0.010"/>
  <system-out/>
</testsuite> <!-- testng_exception.Demo_003 -->
