<?xml version="1.0" encoding="UTF-8"?>
<!-- Generated by org.testng.reporters.JUnitReportReporter -->
<testsuite hostname="AJIT-LAP" failures="0" tests="3" name="testNg_practice.dataprovider_practice001" time="0.005" errors="0" timestamp="2023-02-13T15:24:35 IST" skipped="0">
  <testcase classname="testNg_practice.dataprovider_practice001" name="dataPro" time="0.001"/>
  <system-out/>
  <testcase classname="testNg_practice.dataprovider_practice001" name="dataPro" time="0.000"/>
  <system-out/>
  <testcase classname="testNg_practice.dataprovider_practice001" name="dataPro" time="0.004"/>
  <system-out/>
</testsuite> <!-- testNg_practice.dataprovider_practice001 -->
