<?xml version="1.0" encoding="UTF-8"?>
<!-- Generated by org.testng.reporters.JUnitReportReporter -->
<testsuite hostname="AJIT-LAP" failures="0" tests="2" name="test_ng.t2_progarm" time="0.004" errors="0" timestamp="2022-12-01T16:34:19 IST" skipped="0">
  <testcase classname="test_ng.t2_progarm" name="startplaying" time="0.001"/>
  <system-out/>
  <testcase classname="test_ng.t2_progarm" name="test" time="0.003"/>
  <system-out/>
</testsuite> <!-- test_ng.t2_progarm -->
