<?xml version="1.0" encoding="UTF-8"?>
<!-- Generated by org.testng.reporters.JUnitReportReporter -->
<testsuite hostname="AJIT-LAP" failures="0" tests="2" name="testNG_proj.Demo_annotation" time="0.002" errors="0" timestamp="2023-02-13T15:24:35 IST" skipped="0">
  <testcase classname="testNG_proj.Demo_annotation" name="userreg" time="0.001"/>
  <system-out/>
  <testcase classname="testNG_proj.Demo_annotation" name="login" time="0.001"/>
  <system-out/>
</testsuite> <!-- testNG_proj.Demo_annotation -->
