<?xml version="1.0" encoding="UTF-8"?>
<!-- Generated by org.testng.reporters.JUnitReportReporter -->
<testsuite hostname="AJIT-LAP" failures="0" tests="1" name="testng_exception.Demo_002" time="22.664" errors="0" timestamp="2022-09-15T15:59:49 IST" skipped="0">
  <testcase classname="testng_exception.Demo_002" name="demo2" time="22.664"/>
  <system-out/>
</testsuite> <!-- testng_exception.Demo_002 -->
