<?xml version="1.0" encoding="UTF-8"?>
<!-- Generated by org.testng.reporters.JUnitReportReporter -->
<testsuite hostname="AJIT-LAP" failures="0" tests="2" name="p_pack.t2_progarm" time="0.002" errors="0" timestamp="2023-02-13T15:24:35 IST" skipped="0">
  <testcase classname="p_pack.t2_progarm" name="startplaying" time="0.001"/>
  <system-out/>
  <testcase classname="p_pack.t2_progarm" name="test" time="0.001"/>
  <system-out/>
</testsuite> <!-- p_pack.t2_progarm -->
