<?xml version="1.0" encoding="UTF-8"?>
<!-- Generated by org.testng.reporters.JUnitReportReporter -->
<testsuite hostname="AJIT-LAP" failures="0" tests="2" name="test_ng.t_program" time="0.014" errors="0" timestamp="2022-12-01T16:40:07 IST" skipped="0">
  <testcase classname="test_ng.t_program" name="login" time="0.012"/>
  <system-out/>
  <testcase classname="test_ng.t_program" name="homepage" time="0.002"/>
  <system-out/>
</testsuite> <!-- test_ng.t_program -->
