<?xml version="1.0" encoding="UTF-8"?>
<!-- Generated by org.testng.reporters.JUnitReportReporter -->
<testsuite hostname="AJIT-LAP" failures="0" tests="3" name="testNg_practice.DataProviderPractice" time="0.003" errors="0" timestamp="2023-02-13T15:24:35 IST" skipped="0">
  <testcase classname="testNg_practice.DataProviderPractice" name="doLogin" time="0.001"/>
  <system-out/>
  <testcase classname="testNg_practice.DataProviderPractice" name="doLogin" time="0.001"/>
  <system-out/>
  <testcase classname="testNg_practice.DataProviderPractice" name="doLogin" time="0.001"/>
  <system-out/>
</testsuite> <!-- testNg_practice.DataProviderPractice -->
