<?xml version="1.0" encoding="UTF-8"?>
<!-- Generated by org.testng.reporters.JUnitReportReporter -->
<testsuite hostname="AJIT-LAP" failures="0" tests="1" name="DemoSelenium.abc001" time="3.924" errors="0" timestamp="2022-09-08T23:38:21 IST" skipped="0">
  <testcase classname="DemoSelenium.abc001" name="sample_testng" time="3.924"/>
  <system-out/>
</testsuite> <!-- DemoSelenium.abc001 -->
