<?xml version="1.0" encoding="UTF-8"?>
<!-- Generated by org.testng.reporters.JUnitReportReporter -->
<testsuite hostname="AJIT-LAP" failures="0" tests="1" name="testng_exception.assert_equals" time="33.490" errors="0" timestamp="2022-09-15T15:59:49 IST" skipped="0">
  <testcase classname="testng_exception.assert_equals" name="sample_test1" time="33.490"/>
  <system-out/>
</testsuite> <!-- testng_exception.assert_equals -->
