<?xml version="1.0" encoding="UTF-8"?>
<!-- Generated by org.testng.reporters.JUnitReportReporter -->
<testsuite hostname="AJIT-LAP" failures="0" tests="2" name="testNg_practice.DemoTestmg" time="0.003" errors="0" timestamp="2023-02-13T15:24:35 IST" skipped="0">
  <testcase classname="testNg_practice.DemoTestmg" name="userRegister" time="0.001"/>
  <system-out/>
  <testcase classname="testNg_practice.DemoTestmg" name="doLogin" time="0.002"/>
  <system-out/>
</testsuite> <!-- testNg_practice.DemoTestmg -->
